1658223086019	geckodriver	INFO	Listening on 127.0.0.1:57119
1658223087703	mozrunner::runner	INFO	Running command: "C:\\Program Files\\Mozilla Firefox\\firefox.exe" "--marionette" "--remote-debugging-port" "57120" "--remote-allow-hosts" "localhost" "-no-remote" "-profile" "C:\\Users\\Zhuangxincan.AD\\AppData\\Local\\Temp\\rust_mozprofileRlulJu"
1658223089258	Marionette	INFO	Marionette enabled
console.warn: SearchSettings: "get: No settings file exists, new profile?" (new NotFoundError("Could not open the file at C:\\Users\\Zhuangxincan.AD\\AppData\\Local\\Temp\\rust_mozprofileRlulJu\\search.json.mozlz4", (void 0)))
DevTools listening on ws://localhost:57120/devtools/browser/eea0824d-dd12-4718-a49c-be5d998433ea
1658223091993	Marionette	INFO	Listening on port 57140
1658223092052	RemoteAgent	WARN	TLS certificate errors will be ignored for this session
1658223098774	Marionette	INFO	Stopped listening on port 57140
JavaScript error: , line 0: AbortError: The operation was aborted. 
JavaScript error: resource:///modules/Interactions.jsm, line 209: NS_ERROR_FAILURE: Component returned failure code: 0x80004005 (NS_ERROR_FAILURE) [nsIUserIdleService.removeIdleObserver]
!!! error running onStopped callback: TypeError: callback is not a function
1658223099375	RemoteAgent	ERROR	unable to stop listener: [Exception... "Component returned failure code: 0x8000ffff (NS_ERROR_UNEXPECTED) [nsIWindowMediator.getEnumerator]"  nsresult: "0x8000ffff (NS_ERROR_UNEXPECTED)"  location: "JS frame :: chrome://remote/content/cdp/observers/TargetObserver.jsm :: stop :: line 64"  data: no] Stack trace: stop()@TargetObserver.jsm:64
unwatchForTabs()@TargetList.jsm:70
unwatchForTargets()@TargetList.jsm:37
destructor()@TargetList.jsm:109
stop()@CDP.jsm:104
close()@RemoteAgent.jsm:138
1658223130934	geckodriver	INFO	Listening on 127.0.0.1:57283
1658223132962	mozrunner::runner	INFO	Running command: "C:\\Program Files\\Mozilla Firefox\\firefox.exe" "--marionette" "--remote-debugging-port" "57284" "--remote-allow-hosts" "localhost" "-no-remote" "-profile" "C:\\Users\\Zhuangxincan.AD\\AppData\\Local\\Temp\\rust_mozprofilecQjYch"
1658223133610	Marionette	INFO	Marionette enabled
console.warn: SearchSettings: "get: No settings file exists, new profile?" (new NotFoundError("Could not open the file at C:\\Users\\Zhuangxincan.AD\\AppData\\Local\\Temp\\rust_mozprofilecQjYch\\search.json.mozlz4", (void 0)))
DevTools listening on ws://localhost:57284/devtools/browser/15c03237-5175-44bf-aed9-9c430bf087b2
1658223135879	Marionette	INFO	Listening on port 57291
1658223136210	RemoteAgent	WARN	TLS certificate errors will be ignored for this session
1658223137491	Marionette	INFO	Stopped listening on port 57291
JavaScript error: resource:///modules/Interactions.jsm, line 209: NS_ERROR_FAILURE: Component returned failure code: 0x80004005 (NS_ERROR_FAILURE) [nsIUserIdleService.removeIdleObserver]
!!! error running onStopped callback: TypeError: callback is not a function

###!!! [Parent][MessageChannel] Error: (msgtype=0x390076,name=PContent::Msg_DestroyBrowsingContextGroup) Closed channel: cannot send/recv

JavaScript error: resource://gre/modules/Sqlite.jsm, line 1030: Error: Sqlite.jsm has been shutdown. Cannot open connection to: C:\Users\Zhuangxincan.AD\AppData\Local\Temp\rust_mozprofilecQjYch\protections.sqlite
1658223138149	RemoteAgent	ERROR	unable to stop listener: [Exception... "Component returned failure code: 0x8000ffff (NS_ERROR_UNEXPECTED) [nsIWindowMediator.getEnumerator]"  nsresult: "0x8000ffff (NS_ERROR_UNEXPECTED)"  location: "JS frame :: chrome://remote/content/cdp/observers/TargetObserver.jsm :: stop :: line 64"  data: no] Stack trace: stop()@TargetObserver.jsm:64
unwatchForTabs()@TargetList.jsm:70
unwatchForTargets()@TargetList.jsm:37
destructor()@TargetList.jsm:109
stop()@CDP.jsm:104
close()@RemoteAgent.jsm:138
1658223161620	geckodriver	INFO	Listening on 127.0.0.1:57371
1658223163635	mozrunner::runner	INFO	Running command: "C:\\Program Files\\Mozilla Firefox\\firefox.exe" "--marionette" "--remote-debugging-port" "57372" "--remote-allow-hosts" "localhost" "-no-remote" "-profile" "C:\\Users\\Zhuangxincan.AD\\AppData\\Local\\Temp\\rust_mozprofile25odoe"
1658223164199	Marionette	INFO	Marionette enabled
console.warn: SearchSettings: "get: No settings file exists, new profile?" (new NotFoundError("Could not open the file at C:\\Users\\Zhuangxincan.AD\\AppData\\Local\\Temp\\rust_mozprofile25odoe\\search.json.mozlz4", (void 0)))
DevTools listening on ws://localhost:57372/devtools/browser/6cc56a01-4736-42aa-b2d1-be4a0be0d0fe
1658223166381	Marionette	INFO	Listening on port 57379
1658223166879	RemoteAgent	WARN	TLS certificate errors will be ignored for this session
1658223168130	Marionette	INFO	Stopped listening on port 57379
JavaScript error: resource:///modules/Interactions.jsm, line 209: NS_ERROR_FAILURE: Component returned failure code: 0x80004005 (NS_ERROR_FAILURE) [nsIUserIdleService.removeIdleObserver]
!!! error running onStopped callback: TypeError: callback is not a function

###!!! [Parent][MessageChannel] Error: (msgtype=0x390076,name=PContent::Msg_DestroyBrowsingContextGroup) Closed channel: cannot send/recv

JavaScript error: resource://gre/modules/Sqlite.jsm, line 1030: Error: Sqlite.jsm has been shutdown. Cannot open connection to: C:\Users\Zhuangxincan.AD\AppData\Local\Temp\rust_mozprofile25odoe\protections.sqlite
1658223168780	RemoteAgent	ERROR	unable to stop listener: [Exception... "Component returned failure code: 0x8000ffff (NS_ERROR_UNEXPECTED) [nsIWindowMediator.getEnumerator]"  nsresult: "0x8000ffff (NS_ERROR_UNEXPECTED)"  location: "JS frame :: chrome://remote/content/cdp/observers/TargetObserver.jsm :: stop :: line 64"  data: no] Stack trace: stop()@TargetObserver.jsm:64
unwatchForTabs()@TargetList.jsm:70
unwatchForTargets()@TargetList.jsm:37
destructor()@TargetList.jsm:109
stop()@CDP.jsm:104
close()@RemoteAgent.jsm:138
1658223461617	geckodriver	INFO	Listening on 127.0.0.1:65445
1658223463634	mozrunner::runner	INFO	Running command: "C:\\Program Files\\Mozilla Firefox\\firefox.exe" "--marionette" "--remote-debugging-port" "65446" "--remote-allow-hosts" "localhost" "-no-remote" "-profile" "C:\\Users\\Zhuangxincan.AD\\AppData\\Local\\Temp\\rust_mozprofileR2Ir60"
1658223464238	Marionette	INFO	Marionette enabled
console.warn: SearchSettings: "get: No settings file exists, new profile?" (new NotFoundError("Could not open the file at C:\\Users\\Zhuangxincan.AD\\AppData\\Local\\Temp\\rust_mozprofileR2Ir60\\search.json.mozlz4", (void 0)))
DevTools listening on ws://localhost:65446/devtools/browser/ff7bdece-b0a1-46c9-8bdb-f9877822c704
1658223466374	Marionette	INFO	Listening on port 65455
1658223466880	RemoteAgent	WARN	TLS certificate errors will be ignored for this session
1658223575188	Marionette	INFO	Stopped listening on port 65455
JavaScript error: resource:///modules/Interactions.jsm, line 209: NS_ERROR_FAILURE: Component returned failure code: 0x80004005 (NS_ERROR_FAILURE) [nsIUserIdleService.removeIdleObserver]
!!! error running onStopped callback: TypeError: callback is not a function
1658223575882	RemoteAgent	ERROR	unable to stop listener: [Exception... "Component returned failure code: 0x8000ffff (NS_ERROR_UNEXPECTED) [nsIWindowMediator.getEnumerator]"  nsresult: "0x8000ffff (NS_ERROR_UNEXPECTED)"  location: "JS frame :: chrome://remote/content/cdp/observers/TargetObserver.jsm :: stop :: line 64"  data: no] Stack trace: stop()@TargetObserver.jsm:64
unwatchForTabs()@TargetList.jsm:70
unwatchForTargets()@TargetList.jsm:37
destructor()@TargetList.jsm:109
stop()@CDP.jsm:104
close()@RemoteAgent.jsm:138
ion
console.error: Region.jsm: "Error fetching region" (new Error("TIMEOUT", "resource://gre/modules/Region.jsm", 772))
console.error: Region.jsm: "Failed to fetch region" (new Error("TIMEOUT", "resource://gre/modules/Region.jsm", 419))
1658223572950	Marionette	INFO	Stopped listening on port 49256
JavaScript error: resource:///modules/Interactions.jsm, line 209: NS_ERROR_FAILURE: Component returned failure code: 0x80004005 (NS_ERROR_FAILURE) [nsIUserIdleService.removeIdleObserver]
!!! error running onStopped callback: TypeError: callback is not a function
1658223573472	RemoteAgent	ERROR	unable to stop listener: [Exception... "Component returned failure code: 0x8000ffff (NS_ERROR_UNEXPECTED) [nsIWindowMediator.getEnumerator]"  nsresult: "0x8000ffff (NS_ERROR_UNEXPECTED)"  location: "JS frame :: chrome://remote/content/cdp/observers/TargetObserver.jsm :: stop :: line 64"  data: no] Stack trace: stop()@TargetObserver.jsm:64
unwatchForTabs()@TargetList.jsm:70
unwatchForTargets()@TargetList.jsm:37
destructor()@TargetList.jsm:109
stop()@CDP.jsm:104
close()@RemoteAgent.jsm:138
1658223660038	geckodriver	INFO	Listening on 127.0.0.1:49392
1658223662047	mozrunner::runner	INFO	Running command: "C:\\Program Files\\Mozilla Firefox\\firefox.exe" "--marionette" "--remote-debugging-port" "49393" "--remote-allow-hosts" "localhost" "-no-remote" "-profile" "C:\\Users\\Zhuangxincan.AD\\AppData\\Local\\Temp\\rust_mozprofileokp7IN"
1658223662617	Marionette	INFO	Marionette enabled
console.warn: SearchSettings: "get: No settings file exists, new profile?" (new NotFoundError("Could not open the file at C:\\Users\\Zhuangxincan.AD\\AppData\\Local\\Temp\\rust_mozprofileokp7IN\\search.json.mozlz4", (void 0)))
DevTools listening on ws://localhost:49393/devtools/browser/33d02bdf-0bbe-4278-a35e-86b314f23aec
1658223664692	Marionette	INFO	Listening on port 49399
1658223664794	RemoteAgent	WARN	TLS certificate errors will be ignored for this session

###!!! [Child][RunMessage] Error: Channel closing: too late to send/recv, messages will be lost


###!!! [Child][MessageChannel] Error: (msgtype=0x390097,name=PContent::Msg_InitBackground) Channel closing: too late to send/recv, messages will be lost


###!!! [Child][MessageChannel] Error: (msgtype=0x390097,name=PContent::Msg_InitBackground) Channel closing: too late to send/recv, messages will be lost

1658223671725	Marionette	INFO	Stopped listening on port 49399
JavaScript error: resource:///modules/Interactions.jsm, line 209: NS_ERROR_FAILURE: Component returned failure code: 0x80004005 (NS_ERROR_FAILURE) [nsIUserIdleService.removeIdleObserver]
!!! error running onStopped callback: TypeError: callback is not a function
JavaScript error: resource://gre/modules/AsyncShutdown.jsm, line 718: Error: Phase "Sqlite.jsm: wait until all connections are closed" is finished, it is too late to register completion condition "protections.sqlite#0: waiting for shutdown"
1658223672576	RemoteAgent	ERROR	unable to stop listener: [Exception... "Component returned failure code: 0x8000ffff (NS_ERROR_UNEXPECTED) [nsIWindowMediator.getEnumerator]"  nsresult: "0x8000ffff (NS_ERROR_UNEXPECTED)"  location: "JS frame :: chrome://remote/content/cdp/observers/TargetObserver.jsm :: stop :: line 64"  data: no] Stack trace: stop()@TargetObserver.jsm:64
unwatchForTabs()@TargetList.jsm:70
unwatchForTargets()@TargetList.jsm:37
destructor()@TargetList.jsm:109
stop()@CDP.jsm:104
close()@RemoteAgent.jsm:138
1658223681637	geckodriver	INFO	Listening on 127.0.0.1:49465
1658223683647	mozrunner::runner	INFO	Running command: "C:\\Program Files\\Mozilla Firefox\\firefox.exe" "--marionette" "--remote-debugging-port" "49466" "--remote-allow-hosts" "localhost" "-no-remote" "-profile" "C:\\Users\\Zhuangxincan.AD\\AppData\\Local\\Temp\\rust_mozprofilehzR31k"
1658223684251	Marionette	INFO	Marionette enabled
console.warn: SearchSettings: "get: No settings file exists, new profile?" (new NotFoundError("Could not open the file at C:\\Users\\Zhuangxincan.AD\\AppData\\Local\\Temp\\rust_mozprofilehzR31k\\search.json.mozlz4", (void 0)))
DevTools listening on ws://localhost:49466/devtools/browser/d2463b08-eb95-4d83-9ceb-b72bc045fd02
1658223686383	Marionette	INFO	Listening on port 49473

###!!! [Child][MessageChannel] Error: (msgtype=0x390097,name=PContent::Msg_InitBackground) Channel closing: too late to send/recv, messages will be lost


###!!! [Child][MessageChannel] Error: (msgtype=0x390097,name=PContent::Msg_InitBackground) Channel closing: too late to send/recv, messages will be lost

1658223686888	RemoteAgent	WARN	TLS certificate errors will be ignored for this session
1658223691149	Marionette	INFO	Stopped listening on port 49473
JavaScript error: resource:///modules/Interactions.jsm, line 209: NS_ERROR_FAILURE: Component returned failure code: 0x80004005 (NS_ERROR_FAILURE) [nsIUserIdleService.removeIdleObserver]
!!! error running onStopped callback: TypeError: callback is not a function
JavaScript error: resource://gre/modules/AsyncShutdown.jsm, line 718: Error: Phase "Sqlite.jsm: wait until all connections are closed" is finished, it is too late to register completion condition "protections.sqlite#0: waiting for shutdown"
1658223691710	RemoteAgent	ERROR	unable to stop listener: [Exception... "Component returned failure code: 0x8000ffff (NS_ERROR_UNEXPECTED) [nsIWindowMediator.getEnumerator]"  nsresult: "0x8000ffff (NS_ERROR_UNEXPECTED)"  location: "JS frame :: chrome://remote/content/cdp/observers/TargetObserver.jsm :: stop :: line 64"  data: no] Stack trace: stop()@TargetObserver.jsm:64
unwatchForTabs()@TargetList.jsm:70
unwatchForTargets()@TargetList.jsm:37
destructor()@TargetList.jsm:109
stop()@CDP.jsm:104
close()@RemoteAgent.jsm:138
1658223828835	geckodriver	INFO	Listening on 127.0.0.1:49659
1658223830853	mozrunner::runner	INFO	Running command: "C:\\Program Files\\Mozilla Firefox\\firefox.exe" "--marionette" "--remote-debugging-port" "49660" "--remote-allow-hosts" "localhost" "-no-remote" "-profile" "C:\\Users\\Zhuangxincan.AD\\AppData\\Local\\Temp\\rust_mozprofileWNR2HX"
1658223831504	Marionette	INFO	Marionette enabled
console.warn: SearchSettings: "get: No settings file exists, new profile?" (new NotFoundError("Could not open the file at C:\\Users\\Zhuangxincan.AD\\AppData\\Local\\Temp\\rust_mozprofileWNR2HX\\search.json.mozlz4", (void 0)))
DevTools listening on ws://localhost:49660/devtools/browser/74eb608e-230f-4fef-97cc-c6f5ec115daf
1658223833643	Marionette	INFO	Listening on port 49670
1658223834109	RemoteAgent	WARN	TLS certificate errors will be ignored for this session
1658223836099	Marionette	INFO	Stopped listening on port 49670
JavaScript error: resource:///modules/Interactions.jsm, line 209: NS_ERROR_FAILURE: Component returned failure code: 0x80004005 (NS_ERROR_FAILURE) [nsIUserIdleService.removeIdleObserver]
!!! error running onStopped callback: TypeError: callback is not a function

###!!! [Parent][MessageChannel] Error: (msgtype=0x390076,name=PContent::Msg_DestroyBrowsingContextGroup) Closed channel: cannot send/recv

1658223836638	RemoteAgent	ERROR	unable to stop listener: [Exception... "Component returned failure code: 0x8000ffff (NS_ERROR_UNEXPECTED) [nsIWindowMediator.getEnumerator]"  nsresult: "0x8000ffff (NS_ERROR_UNEXPECTED)"  location: "JS frame :: chrome://remote/content/cdp/observers/TargetObserver.jsm :: stop :: line 64"  data: no] Stack trace: stop()@TargetObserver.jsm:64
unwatchForTabs()@TargetList.jsm:70
unwatchForTargets()@TargetList.jsm:37
destructor()@TargetList.jsm:109
stop()@CDP.jsm:104
close()@RemoteAgent.jsm:138
1658224767264	geckodriver	INFO	Listening on 127.0.0.1:50906
1658224769280	mozrunner::runner	INFO	Running command: "C:\\Program Files\\Mozilla Firefox\\firefox.exe" "--marionette" "--remote-debugging-port" "50907" "--remote-allow-hosts" "localhost" "-no-remote" "-profile" "C:\\Users\\Zhuangxincan.AD\\AppData\\Local\\Temp\\rust_mozprofiletxeIny"
1658224769874	Marionette	INFO	Marionette enabled
console.warn: SearchSettings: "get: No settings file exists, new profile?" (new NotFoundError("Could not open the file at C:\\Users\\Zhuangxincan.AD\\AppData\\Local\\Temp\\rust_mozprofiletxeIny\\search.json.mozlz4", (void 0)))
DevTools listening on ws://localhost:50907/devtools/browser/9c05d356-b734-4a1f-8078-2e306ab1d0f1
1658224772266	Marionette	INFO	Listening on port 50913
1658224772525	RemoteAgent	WARN	TLS certificate errors will be ignored for this session
1658224785262	Marionette	INFO	Stopped listening on port 50913
JavaScript error: , line 0: AbortError: The operation was aborted. 
JavaScript error: resource:///modules/Interactions.jsm, line 209: NS_ERROR_FAILURE: Component returned failure code: 0x80004005 (NS_ERROR_FAILURE) [nsIUserIdleService.removeIdleObserver]
!!! error running onStopped callback: TypeError: callback is not a function
1658224785752	RemoteAgent	ERROR	unable to stop listener: [Exception... "Component returned failure code: 0x8000ffff (NS_ERROR_UNEXPECTED) [nsIWindowMediator.getEnumerator]"  nsresult: "0x8000ffff (NS_ERROR_UNEXPECTED)"  location: "JS frame :: chrome://remote/content/cdp/observers/TargetObserver.jsm :: stop :: line 64"  data: no] Stack trace: stop()@TargetObserver.jsm:64
unwatchForTabs()@TargetList.jsm:70
unwatchForTargets()@TargetList.jsm:37
destructor()@TargetList.jsm:109
stop()@CDP.jsm:104
close()@RemoteAgent.jsm:138
1658224828975	geckodriver	INFO	Listening on 127.0.0.1:51034
1658224830985	mozrunner::runner	INFO	Running command: "C:\\Program Files\\Mozilla Firefox\\firefox.exe" "--marionette" "--remote-debugging-port" "51035" "--remote-allow-hosts" "localhost" "-no-remote" "-profile" "C:\\Users\\Zhuangxincan.AD\\AppData\\Local\\Temp\\rust_mozprofileDNXOjr"
1658224831582	Marionette	INFO	Marionette enabled
console.warn: SearchSettings: "get: No settings file exists, new profile?" (new NotFoundError("Could not open the file at C:\\Users\\Zhuangxincan.AD\\AppData\\Local\\Temp\\rust_mozprofileDNXOjr\\search.json.mozlz4", (void 0)))
DevTools listening on ws://localhost:51035/devtools/browser/f03abf58-4f1e-4711-b0da-f20d7d4877cf
1658224833971	Marionette	INFO	Listening on port 51043
1658224834225	RemoteAgent	WARN	TLS certificate errors will be ignored for this session
JavaScript error: , line 0: AbortError: The operation was aborted. 
1658224846401	Marionette	INFO	Stopped listening on port 51043
JavaScript error: resource:///modules/Interactions.jsm, line 209: NS_ERROR_FAILURE: Component returned failure code: 0x80004005 (NS_ERROR_FAILURE) [nsIUserIdleService.removeIdleObserver]
!!! error running onStopped callback: TypeError: callback is not a function
1658224846869	RemoteAgent	ERROR	unable to stop listener: [Exception... "Component returned failure code: 0x8000ffff (NS_ERROR_UNEXPECTED) [nsIWindowMediator.getEnumerator]"  nsresult: "0x8000ffff (NS_ERROR_UNEXPECTED)"  location: "JS frame :: chrome://remote/content/cdp/observers/TargetObserver.jsm :: stop :: line 64"  data: no] Stack trace: stop()@TargetObserver.jsm:64
unwatchForTabs()@TargetList.jsm:70
unwatchForTargets()@TargetList.jsm:37
destructor()@TargetList.jsm:109
stop()@CDP.jsm:104
close()@RemoteAgent.jsm:138
1658224886650	geckodriver	INFO	Listening on 127.0.0.1:51162
1658224888663	mozrunner::runner	INFO	Running command: "C:\\Program Files\\Mozilla Firefox\\firefox.exe" "--marionette" "--remote-debugging-port" "51163" "--remote-allow-hosts" "localhost" "-no-remote" "-profile" "C:\\Users\\Zhuangxincan.AD\\AppData\\Local\\Temp\\rust_mozprofilepzFLat"
1658224889267	Marionette	INFO	Marionette enabled
console.warn: SearchSettings: "get: No settings file exists, new profile?" (new NotFoundError("Could not open the file at C:\\Users\\Zhuangxincan.AD\\AppData\\Local\\Temp\\rust_mozprofilepzFLat\\search.json.mozlz4", (void 0)))
DevTools listening on ws://localhost:51163/devtools/browser/ef3a9bef-6335-4f4c-a793-203ea2c4ffc6
1658224891511	Marionette	INFO	Listening on port 51170
1658224891914	RemoteAgent	WARN	TLS certificate errors will be ignored for this session
JavaScript error: , line 0: AbortError: The operation was aborted. 
1658224904488	Marionette	INFO	Stopped listening on port 51170
JavaScript error: resource:///modules/Interactions.jsm, line 209: NS_ERROR_FAILURE: Component returned failure code: 0x80004005 (NS_ERROR_FAILURE) [nsIUserIdleService.removeIdleObserver]
!!! error running onStopped callback: TypeError: callback is not a function
1658224905042	RemoteAgent	ERROR	unable to stop listener: [Exception... "Component returned failure code: 0x8000ffff (NS_ERROR_UNEXPECTED) [nsIWindowMediator.getEnumerator]"  nsresult: "0x8000ffff (NS_ERROR_UNEXPECTED)"  location: "JS frame :: chrome://remote/content/cdp/observers/TargetObserver.jsm :: stop :: line 64"  data: no] Stack trace: stop()@TargetObserver.jsm:64
unwatchForTabs()@TargetList.jsm:70
unwatchForTargets()@TargetList.jsm:37
destructor()@TargetList.jsm:109
stop()@CDP.jsm:104
close()@RemoteAgent.jsm:138
1658224940836	geckodriver	INFO	Listening on 127.0.0.1:53111
1658224942859	mozrunner::runner	INFO	Running command: "C:\\Program Files\\Mozilla Firefox\\firefox.exe" "--marionette" "--remote-debugging-port" "53112" "--remote-allow-hosts" "localhost" "-no-remote" "-profile" "C:\\Users\\Zhuangxincan.AD\\AppData\\Local\\Temp\\rust_mozprofilexs6pB9"
1658224943499	Marionette	INFO	Marionette enabled
console.warn: SearchSettings: "get: No settings file exists, new profile?" (new NotFoundError("Could not open the file at C:\\Users\\Zhuangxincan.AD\\AppData\\Local\\Temp\\rust_mozprofilexs6pB9\\search.json.mozlz4", (void 0)))
DevTools listening on ws://localhost:53112/devtools/browser/a2307a9c-fb4d-4c9e-b8a8-4fc19d5fa08a
1658224945881	Marionette	INFO	Listening on port 53119
1658224946109	RemoteAgent	WARN	TLS certificate errors will be ignored for this session
1658224948048	Marionette	INFO	Stopped listening on port 53119
JavaScript error: resource:///modules/Interactions.jsm, line 209: NS_ERROR_FAILURE: Component returned failure code: 0x80004005 (NS_ERROR_FAILURE) [nsIUserIdleService.removeIdleObserver]
!!! error running onStopped callback: TypeError: callback is not a function

###!!! [Child][MessageChannel] Error: (msgtype=0x390140,name=PContent::Msg_ScriptError) Channel closing: too late to send/recv, messages will be lost


###!!! [Child][MessageChannel] Error: (msgtype=0x390140,name=PContent::Msg_ScriptError) Channel closing: too late to send/recv, messages will be lost


###!!! [Child][RunMessage] Error: Channel closing: too late to send/recv, messages will be lost

1658224948548	RemoteAgent	ERROR	unable to stop listener: [Exception... "Component returned failure code: 0x8000ffff (NS_ERROR_UNEXPECTED) [nsIWindowMediator.getEnumerator]"  nsresult: "0x8000ffff (NS_ERROR_UNEXPECTED)"  location: "JS frame :: chrome://remote/content/cdp/observers/TargetObserver.jsm :: stop :: line 64"  data: no] Stack trace: stop()@TargetObserver.jsm:64
unwatchForTabs()@TargetList.jsm:70
unwatchForTargets()@TargetList.jsm:37
destructor()@TargetList.jsm:109
stop()@CDP.jsm:104
close()@RemoteAgent.jsm:138
1658224962594	geckodriver	INFO	Listening on 127.0.0.1:53199
1658224964656	mozrunner::runner	INFO	Running command: "C:\\Program Files\\Mozilla Firefox\\firefox.exe" "--marionette" "--remote-debugging-port" "53200" "--remote-allow-hosts" "localhost" "-no-remote" "-profile" "C:\\Users\\Zhuangxincan.AD\\AppData\\Local\\Temp\\rust_mozprofileFz65qB"
1658224965259	Marionette	INFO	Marionette enabled
console.warn: SearchSettings: "get: No settings file exists, new profile?" (new NotFoundError("Could not open the file at C:\\Users\\Zhuangxincan.AD\\AppData\\Local\\Temp\\rust_mozprofileFz65qB\\search.json.mozlz4", (void 0)))
DevTools listening on ws://localhost:53200/devtools/browser/5aed91fd-96ec-40c1-8afb-e29781bedbcb
1658224967669	Marionette	INFO	Listening on port 53207
1658224967898	RemoteAgent	WARN	TLS certificate errors will be ignored for this session
1658224972841	Marionette	INFO	Stopped listening on port 53207
JavaScript error: resource:///modules/Interactions.jsm, line 209: NS_ERROR_FAILURE: Component returned failure code: 0x80004005 (NS_ERROR_FAILURE) [nsIUserIdleService.removeIdleObserver]
!!! error running onStopped callback: TypeError: callback is not a function
JavaScript error: , line 0: AbortError: The operation was aborted. 
1658224973525	RemoteAgent	ERROR	unable to stop listener: [Exception... "Component returned failure code: 0x8000ffff (NS_ERROR_UNEXPECTED) [nsIWindowMediator.getEnumerator]"  nsresult: "0x8000ffff (NS_ERROR_UNEXPECTED)"  location: "JS frame :: chrome://remote/content/cdp/observers/TargetObserver.jsm :: stop :: line 64"  data: no] Stack trace: stop()@TargetObserver.jsm:64
unwatchForTabs()@TargetList.jsm:70
unwatchForTargets()@TargetList.jsm:37
destructor()@TargetList.jsm:109
stop()@CDP.jsm:104
close()@RemoteAgent.jsm:138
1658225007812	geckodriver	INFO	Listening on 127.0.0.1:53348
1658225009837	mozrunner::runner	INFO	Running command: "C:\\Program Files\\Mozilla Firefox\\firefox.exe" "--marionette" "--remote-debugging-port" "53349" "--remote-allow-hosts" "localhost" "-no-remote" "-profile" "C:\\Users\\Zhuangxincan.AD\\AppData\\Local\\Temp\\rust_mozprofileBwf38N"
1658225010518	Marionette	INFO	Marionette enabled
console.warn: SearchSettings: "get: No settings file exists, new profile?" (new NotFoundError("Could not open the file at C:\\Users\\Zhuangxincan.AD\\AppData\\Local\\Temp\\rust_mozprofileBwf38N\\search.json.mozlz4", (void 0)))
DevTools listening on ws://localhost:53349/devtools/browser/ecc4ad32-bb1e-44dc-8d4f-b56c15e273e5
1658225013082	Marionette	INFO	Listening on port 53355
1658225013120	RemoteAgent	WARN	TLS certificate errors will be ignored for this session
JavaScript error: , line 0: AbortError: The operation was aborted. 
1658225018164	Marionette	INFO	Stopped listening on port 53355
JavaScript error: resource:///modules/Interactions.jsm, line 209: NS_ERROR_FAILURE: Component returned failure code: 0x80004005 (NS_ERROR_FAILURE) [nsIUserIdleService.removeIdleObserver]
!!! error running onStopped callback: TypeError: callback is not a function
1658225018821	RemoteAgent	ERROR	unable to stop listener: [Exception... "Component returned failure code: 0x8000ffff (NS_ERROR_UNEXPECTED) [nsIWindowMediator.getEnumerator]"  nsresult: "0x8000ffff (NS_ERROR_UNEXPECTED)"  location: "JS frame :: chrome://remote/content/cdp/observers/TargetObserver.jsm :: stop :: line 64"  data: no] Stack trace: stop()@TargetObserver.jsm:64
unwatchForTabs()@TargetList.jsm:70
unwatchForTargets()@TargetList.jsm:37
destructor()@TargetList.jsm:109
stop()@CDP.jsm:104
close()@RemoteAgent.jsm:138
1658225069191	geckodriver	INFO	Listening on 127.0.0.1:53494
1658225071201	mozrunner::runner	INFO	Running command: "C:\\Program Files\\Mozilla Firefox\\firefox.exe" "--marionette" "--remote-debugging-port" "53495" "--remote-allow-hosts" "localhost" "-no-remote" "-profile" "C:\\Users\\Zhuangxincan.AD\\AppData\\Local\\Temp\\rust_mozprofileiRSdaL"
1658225071852	Marionette	INFO	Marionette enabled
console.warn: SearchSettings: "get: No settings file exists, new profile?" (new NotFoundError("Could not open the file at C:\\Users\\Zhuangxincan.AD\\AppData\\Local\\Temp\\rust_mozprofileiRSdaL\\search.json.mozlz4", (void 0)))
DevTools listening on ws://localhost:53495/devtools/browser/b37763ad-fb08-4ff6-b3d9-81de449b42ea
1658225074225	Marionette	INFO	Listening on port 53501
1658225074435	RemoteAgent	WARN	TLS certificate errors will be ignored for this session
JavaScript error: , line 0: AbortError: The operation was aborted. 
1658225077093	Marionette	INFO	Stopped listening on port 53501
JavaScript error: resource:///modules/Interactions.jsm, line 209: NS_ERROR_FAILURE: Component returned failure code: 0x80004005 (NS_ERROR_FAILURE) [nsIUserIdleService.removeIdleObserver]
[Parent 5276, IPC I/O Parent] WARNING: file /builds/worker/checkouts/gecko/ipc/chromium/src/base/process_util_win.cc:167
!!! error running onStopped callback: TypeError: callback is not a function

###!!! [Child][MessageChannel] Error: (msgtype=0x390140,name=PContent::Msg_ScriptError) Channel closing: too late to send/recv, messages will be lost


###!!! [Child][MessageChannel] Error: (msgtype=0x390140,name=PContent::Msg_ScriptError) Channel closing: too late to send/recv, messages will be lost


###!!! [Child][MessageChannel] Error: (msgtype=0x390140,name=PContent::Msg_ScriptError) Channel closing: too late to send/recv, messages will be lost


###!!! [Child][RunMessage] Error: Channel closing: too late to send/recv, messages will be lost


###!!! [Child][MessageChannel] Error: (msgtype=0x390140,name=PContent::Msg_ScriptError) Channel closing: too late to send/recv, messages will be lost


###!!! [Child][MessageChannel] Error: (msgtype=0x390140,name=PContent::Msg_ScriptError) Channel closing: too late to send/recv, messages will be lost


###!!! [Child][MessageChannel] Error: (msgtype=0x390140,name=PContent::Msg_ScriptError) Channel closing: too late to send/recv, messages will be lost


###!!! [Child][RunMessage] Error: Channel closing: too late to send/recv, messages will be lost


###!!! [Child][MessageChannel] Error: (msgtype=0x390140,name=PContent::Msg_ScriptError) Channel closing: too late to send/recv, messages will be lost


###!!! [Child][MessageChannel] Error: (msgtype=0x390140,name=PContent::Msg_ScriptError) Channel closing: too late to send/recv, messages will be lost


###!!! [Child][MessageChannel] Error: (msgtype=0x390140,name=PContent::Msg_ScriptError) Channel closing: too late to send/recv, messages will be lost


###!!! [Child][MessageChannel] Error: (msgtype=0x390140,name=PContent::Msg_ScriptError) Channel closing: too late to send/recv, messages will be lost


###!!! [Child][MessageChannel] Error: (msgtype=0x390140,name=PContent::Msg_ScriptError) Channel closing: too late to send/recv, messages will be lost


###!!! [Child][MessageChannel] Error: (msgtype=0x390140,name=PContent::Msg_ScriptError) Channel closing: too late to send/recv, messages will be lost


###!!! [Child][MessageChannel] Error: (msgtype=0x390140,name=PContent::Msg_ScriptError) Channel closing: too late to send/recv, messages will be lost


###!!! [Child][MessageChannel] Error: (msgtype=0x390140,name=PContent::Msg_ScriptError) Channel closing: too late to send/recv, messages will be lost


###!!! [Child][MessageChannel] Error: (msgtype=0x390140,name=PContent::Msg_ScriptError) Channel closing: too late to send/recv, messages will be lost


###!!! [Child][MessageChannel] Error: (msgtype=0x390140,name=PContent::Msg_ScriptError) Channel closing: too late to send/recv, messages will be lost


###!!! [Child][MessageChannel] Error: (msgtype=0x390140,name=PContent::Msg_ScriptError) Channel closing: too late to send/recv, messages will be lost


###!!! [Child][MessageChannel] Error: (msgtype=0x390140,name=PContent::Msg_ScriptError) Channel closing: too late to send/recv, messages will be lost


###!!! [Child][MessageChannel] Error: (msgtype=0x390140,name=PContent::Msg_ScriptError) Channel closing: too late to send/recv, messages will be lost


###!!! [Child][MessageChannel] Error: (msgtype=0x390140,name=PContent::Msg_ScriptError) Channel closing: too late to send/recv, messages will be lost


###!!! [Child][RunMessage] Error: Channel closing: too late to send/recv, messages will be lost


###!!! [Child][RunMessage] Error: Channel closing: too late to send/recv, messages will be lost


###!!! [Child][RunMessage] Error: Channel closing: too late to send/recv, messages will be lost


###!!! [Child][RunMessage] Error: Channel closing: too late to send/recv, messages will be lost


###!!! [Child][RunMessage] Error: Channel closing: too late to send/recv, messages will be lost


###!!! [Child][RunMessage] Error: Channel closing: too late to send/recv, messages will be lost


###!!! [Child][RunMessage] Error: Channel closing: too late to send/recv, messages will be lost


###!!! [Child][MessageChannel] Error: (msgtype=0x390140,name=PContent::Msg_ScriptError) Channel closing: too late to send/recv, messages will be lost


###!!! [Child][MessageChannel] Error: (msgtype=0x390140,name=PContent::Msg_ScriptError) Channel closing: too late to send/recv, messages will be lost


###!!! [Child][MessageChannel] Error: (msgtype=0x390140,name=PContent::Msg_ScriptError) Channel closing: too late to send/recv, messages will be lost


###!!! [Child][RunMessage] Error: Channel closing: too late to send/recv, messages will be lost


###!!! [Parent][MessageChannel] Error: (msgtype=0x390076,name=PContent::Msg_DestroyBrowsingContextGroup) Closed channel: cannot send/recv


###!!! [Child][MessageChannel] Error: (msgtype=0x390140,name=PContent::Msg_ScriptError) Channel closing: too late to send/recv, messages will be lost


###!!! [Child][MessageChannel] Error: (msgtype=0x390140,name=PContent::Msg_ScriptError) Channel closing: too late to send/recv, messages will be lost


###!!! [Child][MessageChannel] Error: (msgtype=0x390140,name=PContent::Msg_ScriptError) Channel closing: too late to send/recv, messages will be lost


###!!! [Child][RunMessage] Error: Channel closing: too late to send/recv, messages will be lost


###!!! [Child][MessageChannel] Error: (msgtype=0x390140,name=PContent::Msg_ScriptError) Channel closing: too late to send/recv, messages will be lost


###!!! [Child][MessageChannel] Error: (msgtype=0x390140,name=PContent::Msg_ScriptError) Channel closing: too late to send/recv, messages will be lost


###!!! [Child][MessageChannel] Error: (msgtype=0x390140,name=PContent::Msg_ScriptError) Channel closing: too late to send/recv, messages will be lost


###!!! [Child][RunMessage] Error: Channel closing: too late to send/recv, messages will be lost


###!!! [Child][MessageChannel] Error: (msgtype=0x390140,name=PContent::Msg_ScriptError) Channel closing: too late to send/recv, messages will be lost


###!!! [Child][MessageChannel] Error: (msgtype=0x390140,name=PContent::Msg_ScriptError) Channel closing: too late to send/recv, messages will be lost


###!!! [Child][MessageChannel] Error: (msgtype=0x390140,name=PContent::Msg_ScriptError) Channel closing: too late to send/recv, messages will be lost


###!!! [Child][RunMessage] Error: Channel closing: too late to send/recv, messages will be lost


###!!! [Child][RunMessage] Error: Channel closing: too late to send/recv, messages will be lost


###!!! [Child][MessageChannel] Error: (msgtype=0x390140,name=PContent::Msg_ScriptError) Channel closing: too late to send/recv, messages will be lost


###!!! [Child][MessageChannel] Error: (msgtype=0x390140,name=PContent::Msg_ScriptError) Channel closing: too late to send/recv, messages will be lost


###!!! [Child][MessageChannel] Error: (msgtype=0x390140,name=PContent::Msg_ScriptError) Channel closing: too late to send/recv, messages will be lost


###!!! [Child][RunMessage] Error: Channel closing: too late to send/recv, messages will be lost


###!!! [Child][RunMessage] Error: Channel closing: too late to send/recv, messages will be lost


###!!! [Child][RunMessage] Error: Channel closing: too late to send/recv, messages will be lost


###!!! [Child][RunMessage] Error: Channel closing: too late to send/recv, messages will be lost


###!!! [Child][RunMessage] Error: Channel closing: too late to send/recv, messages will be lost


###!!! [Child][RunMessage] Error: Channel closing: too late to send/recv, messages will be lost


###!!! [Child][MessageChannel] Error: (msgtype=0x390140,name=PContent::Msg_ScriptError) Channel closing: too late to send/recv, messages will be lost


###!!! [Child][MessageChannel] Error: (msgtype=0x390140,name=PContent::Msg_ScriptError) Channel closing: too late to send/recv, messages will be lost


###!!! [Child][MessageChannel] Error: (msgtype=0x390140,name=PContent::Msg_ScriptError) Channel closing: too late to send/recv, messages will be lost


###!!! [Child][RunMessage] Error: Channel closing: too late to send/recv, messages will be lost


###!!! [Child][MessageChannel] Error: (msgtype=0x390140,name=PContent::Msg_ScriptError) Channel closing: too late to send/recv, messages will be lost


###!!! [Child][MessageChannel] Error: (msgtype=0x390140,name=PContent::Msg_ScriptError) Channel closing: too late to send/recv, messages will be lost


###!!! [Child][MessageChannel] Error: (msgtype=0x390140,name=PContent::Msg_ScriptError) Channel closing: too late to send/recv, messages will be lost


###!!! [Child][RunMessage] Error: Channel closing: too late to send/recv, messages will be lost


###!!! [Child][RunMessage] Error: Channel closing: too late to send/recv, messages will be lost


###!!! [Child][RunMessage] Error: Channel closing: too late to send/recv, messages will be lost


###!!! [Child][RunMessage] Error: Channel closing: too late to send/recv, messages will be lost


###!!! [Child][MessageChannel] Error: (msgtype=0x390140,name=PContent::Msg_ScriptError) Channel closing: too late to send/recv, messages will be lost


###!!! [Child][MessageChannel] Error: (msgtype=0x390140,name=PContent::Msg_ScriptError) Channel closing: too late to send/recv, messages will be lost


###!!! [Child][MessageChannel] Error: (msgtype=0x390140,name=PContent::Msg_ScriptError) Channel closing: too late to send/recv, messages will be lost


###!!! [Child][RunMessage] Error: Channel closing: too late to send/recv, messages will be lost


###!!! [Child][RunMessage] Error: Channel closing: too late to send/recv, messages will be lost

1658225078020	RemoteAgent	ERROR	unable to stop listener: [Exception... "Component returned failure code: 0x8000ffff (NS_ERROR_UNEXPECTED) [nsIWindowMediator.getEnumerator]"  nsresult: "0x8000ffff (NS_ERROR_UNEXPECTED)"  location: "JS frame :: chrome://remote/content/cdp/observers/TargetObserver.jsm :: stop :: line 64"  data: no] Stack trace: stop()@TargetObserver.jsm:64
unwatchForTabs()@TargetList.jsm:70
unwatchForTargets()@TargetList.jsm:37
destructor()@TargetList.jsm:109
stop()@CDP.jsm:104
close()@RemoteAgent.jsm:138
1658225161278	geckodriver	INFO	Listening on 127.0.0.1:53671
1658225163295	mozrunner::runner	INFO	Running command: "C:\\Program Files\\Mozilla Firefox\\firefox.exe" "--marionette" "--remote-debugging-port" "53672" "--remote-allow-hosts" "localhost" "-no-remote" "-profile" "C:\\Users\\Zhuangxincan.AD\\AppData\\Local\\Temp\\rust_mozprofile0GZHNM"
1658225163963	Marionette	INFO	Marionette enabled
console.warn: SearchSettings: "get: No settings file exists, new profile?" (new NotFoundError("Could not open the file at C:\\Users\\Zhuangxincan.AD\\AppData\\Local\\Temp\\rust_mozprofile0GZHNM\\search.json.mozlz4", (void 0)))
DevTools listening on ws://localhost:53672/devtools/browser/9a19560c-8f61-454c-895b-f438f9fdd95d
1658225166384	Marionette	INFO	Listening on port 53679
1658225166528	RemoteAgent	WARN	TLS certificate errors will be ignored for this session
JavaScript error: , line 0: AbortError: The operation was aborted. 
1658225171293	Marionette	INFO	Stopped listening on port 53679
JavaScript error: resource:///modules/Interactions.jsm, line 209: NS_ERROR_FAILURE: Component returned failure code: 0x80004005 (NS_ERROR_FAILURE) [nsIUserIdleService.removeIdleObserver]
!!! error running onStopped callback: TypeError: callback is not a function
1658225171860	RemoteAgent	ERROR	unable to stop listener: [Exception... "Component returned failure code: 0x8000ffff (NS_ERROR_UNEXPECTED) [nsIWindowMediator.getEnumerator]"  nsresult: "0x8000ffff (NS_ERROR_UNEXPECTED)"  location: "JS frame :: chrome://remote/content/cdp/observers/TargetObserver.jsm :: stop :: line 64"  data: no] Stack trace: stop()@TargetObserver.jsm:64
unwatchForTabs()@TargetList.jsm:70
unwatchForTargets()@TargetList.jsm:37
destructor()@TargetList.jsm:109
stop()@CDP.jsm:104
close()@RemoteAgent.jsm:138
1658225270053	geckodriver	INFO	Listening on 127.0.0.1:53861
1658225272075	mozrunner::runner	INFO	Running command: "C:\\Program Files\\Mozilla Firefox\\firefox.exe" "--marionette" "--remote-debugging-port" "53862" "--remote-allow-hosts" "localhost" "-no-remote" "-profile" "C:\\Users\\Zhuangxincan.AD\\AppData\\Local\\Temp\\rust_mozprofile2YmSIG"
1658225272688	Marionette	INFO	Marionette enabled
console.warn: SearchSettings: "get: No settings file exists, new profile?" (new NotFoundError("Could not open the file at C:\\Users\\Zhuangxincan.AD\\AppData\\Local\\Temp\\rust_mozprofile2YmSIG\\search.json.mozlz4", (void 0)))
DevTools listening on ws://localhost:53862/devtools/browser/6278bdc6-c6fc-44d9-a5ad-dbacc63e3322
1658225274911	Marionette	INFO	Listening on port 53871
1658225275316	RemoteAgent	WARN	TLS certificate errors will be ignored for this session
JavaScript error: resource:///modules/FaviconLoader.jsm, line 596: InvalidStateError: JSWindowActorChild.sendAsyncMessage: JSWindowActorChild cannot send at the moment
1658225290533	Marionette	INFO	Stopped listening on port 53871
JavaScript error: resource:///modules/Interactions.jsm, line 209: NS_ERROR_FAILURE: Component returned failure code: 0x80004005 (NS_ERROR_FAILURE) [nsIUserIdleService.removeIdleObserver]
!!! error running onStopped callback: TypeError: callback is not a function
1658225291104	RemoteAgent	ERROR	unable to stop listener: [Exception... "Component returned failure code: 0x8000ffff (NS_ERROR_UNEXPECTED) [nsIWindowMediator.getEnumerator]"  nsresult: "0x8000ffff (NS_ERROR_UNEXPECTED)"  location: "JS frame :: chrome://remote/content/cdp/observers/TargetObserver.jsm :: stop :: line 64"  data: no] Stack trace: stop()@TargetObserver.jsm:64
unwatchForTabs()@TargetList.jsm:70
unwatchForTargets()@TargetList.jsm:37
destructor()@TargetList.jsm:109
stop()@CDP.jsm:104
close()@RemoteAgent.jsm:138
1658225298370	geckodriver	INFO	Listening on 127.0.0.1:53995
1658225300388	mozrunner::runner	INFO	Running command: "C:\\Program Files\\Mozilla Firefox\\firefox.exe" "--marionette" "--remote-debugging-port" "53996" "--remote-allow-hosts" "localhost" "-no-remote" "-profile" "C:\\Users\\Zhuangxincan.AD\\AppData\\Local\\Temp\\rust_mozprofilerkWFkt"
1658225300992	Marionette	INFO	Marionette enabled
console.warn: SearchSettings: "get: No settings file exists, new profile?" (new NotFoundError("Could not open the file at C:\\Users\\Zhuangxincan.AD\\AppData\\Local\\Temp\\rust_mozprofilerkWFkt\\search.json.mozlz4", (void 0)))
DevTools listening on ws://localhost:53996/devtools/browser/bde21356-ab85-4519-8694-53e443aa0302
1658225304065	Marionette	INFO	Listening on port 54002
1658225304243	RemoteAgent	WARN	TLS certificate errors will be ignored for this session
1658225326803	Marionette	INFO	Stopped listening on port 54002
JavaScript error: resource:///modules/Interactions.jsm, line 209: NS_ERROR_FAILURE: Component returned failure code: 0x80004005 (NS_ERROR_FAILURE) [nsIUserIdleService.removeIdleObserver]
!!! error running onStopped callback: TypeError: callback is not a function
JavaScript error: , line 0: AbortError: The operation was aborted. 
1658225327332	RemoteAgent	ERROR	unable to stop listener: [Exception... "Component returned failure code: 0x8000ffff (NS_ERROR_UNEXPECTED) [nsIWindowMediator.getEnumerator]"  nsresult: "0x8000ffff (NS_ERROR_UNEXPECTED)"  location: "JS frame :: chrome://remote/content/cdp/observers/TargetObserver.jsm :: stop :: line 64"  data: no] Stack trace: stop()@TargetObserver.jsm:64
unwatchForTabs()@TargetList.jsm:70
unwatchForTargets()@TargetList.jsm:37
destructor()@TargetList.jsm:109
stop()@CDP.jsm:104
close()@RemoteAgent.jsm:138
1658225352613	geckodriver	INFO	Listening on 127.0.0.1:54119
1658225354627	mozrunner::runner	INFO	Running command: "C:\\Program Files\\Mozilla Firefox\\firefox.exe" "--marionette" "--remote-debugging-port" "54120" "--remote-allow-hosts" "localhost" "-no-remote" "-profile" "C:\\Users\\Zhuangxincan.AD\\AppData\\Local\\Temp\\rust_mozprofilefDZ6sf"
1658225355289	Marionette	INFO	Marionette enabled
console.warn: SearchSettings: "get: No settings file exists, new profile?" (new NotFoundError("Could not open the file at C:\\Users\\Zhuangxincan.AD\\AppData\\Local\\Temp\\rust_mozprofilefDZ6sf\\search.json.mozlz4", (void 0)))
DevTools listening on ws://localhost:54120/devtools/browser/213da398-3f0c-4796-b940-7c41fa23e92b
1658225357614	Marionette	INFO	Listening on port 54128
1658225357870	RemoteAgent	WARN	TLS certificate errors will be ignored for this session
1658225434293	Marionette	INFO	Stopped listening on port 54128
JavaScript error: resource:///modules/Interactions.jsm, line 209: NS_ERROR_FAILURE: Component returned failure code: 0x80004005 (NS_ERROR_FAILURE) [nsIUserIdleService.removeIdleObserver]
!!! error running onStopped callback: TypeError: callback is not a function
JavaScript error: , line 0: AbortError: The operation was aborted. 
1658225435043	RemoteAgent	ERROR	unable to stop listener: [Exception... "Component returned failure code: 0x8000ffff (NS_ERROR_UNEXPECTED) [nsIWindowMediator.getEnumerator]"  nsresult: "0x8000ffff (NS_ERROR_UNEXPECTED)"  location: "JS frame :: chrome://remote/content/cdp/observers/TargetObserver.jsm :: stop :: line 64"  data: no] Stack trace: stop()@TargetObserver.jsm:64
unwatchForTabs()@TargetList.jsm:70
unwatchForTargets()@TargetList.jsm:37
destructor()@TargetList.jsm:109
stop()@CDP.jsm:104
close()@RemoteAgent.jsm:138
1658225436598	geckodriver	INFO	Listening on 127.0.0.1:54377
1658225438608	mozrunner::runner	INFO	Running command: "C:\\Program Files\\Mozilla Firefox\\firefox.exe" "--marionette" "--remote-debugging-port" "54378" "--remote-allow-hosts" "localhost" "-no-remote" "-profile" "C:\\Users\\Zhuangxincan.AD\\AppData\\Local\\Temp\\rust_mozprofileEEcqkx"
1658225439871	Marionette	INFO	Marionette enabled
console.warn: SearchSettings: "get: No settings file exists, new profile?" (new NotFoundError("Could not open the file at C:\\Users\\Zhuangxincan.AD\\AppData\\Local\\Temp\\rust_mozprofileEEcqkx\\search.json.mozlz4", (void 0)))
DevTools listening on ws://localhost:54378/devtools/browser/6d53eda1-a7a9-4f95-b6d5-073231fce8ae
1658225443531	Marionette	INFO	Listening on port 54385
1658225443570	RemoteAgent	WARN	TLS certificate errors will be ignored for this session
1658225452563	Marionette	INFO	Stopped listening on port 54385
JavaScript error: resource:///modules/Interactions.jsm, line 209: NS_ERROR_FAILURE: Component returned failure code: 0x80004005 (NS_ERROR_FAILURE) [nsIUserIdleService.removeIdleObserver]
JavaScript error: , line 0: AbortError: The operation was aborted. 
!!! error running onStopped callback: TypeError: callback is not a function
1658225453040	RemoteAgent	ERROR	unable to stop listener: [Exception... "Component returned failure code: 0x8000ffff (NS_ERROR_UNEXPECTED) [nsIWindowMediator.getEnumerator]"  nsresult: "0x8000ffff (NS_ERROR_UNEXPECTED)"  location: "JS frame :: chrome://remote/content/cdp/observers/TargetObserver.jsm :: stop :: line 64"  data: no] Stack trace: stop()@TargetObserver.jsm:64
unwatchForTabs()@TargetList.jsm:70
unwatchForTargets()@TargetList.jsm:37
destructor()@TargetList.jsm:109
stop()@CDP.jsm:104
close()@RemoteAgent.jsm:138
1658225619830	geckodriver	INFO	Listening on 127.0.0.1:54754
1658225621847	mozrunner::runner	INFO	Running command: "C:\\Program Files\\Mozilla Firefox\\firefox.exe" "--marionette" "--remote-debugging-port" "54755" "--remote-allow-hosts" "localhost" "-no-remote" "-profile" "C:\\Users\\Zhuangxincan.AD\\AppData\\Local\\Temp\\rust_mozprofileYLZ6Yr"
1658225622441	Marionette	INFO	Marionette enabled
console.warn: SearchSettings: "get: No settings file exists, new profile?" (new NotFoundError("Could not open the file at C:\\Users\\Zhuangxincan.AD\\AppData\\Local\\Temp\\rust_mozprofileYLZ6Yr\\search.json.mozlz4", (void 0)))
DevTools listening on ws://localhost:54755/devtools/browser/5f83fca2-9700-4aee-baab-6b7b499e766b
1658225624602	Marionette	INFO	Listening on port 54762
1658225625092	RemoteAgent	WARN	TLS certificate errors will be ignored for this session
1658225634709	Marionette	INFO	Stopped listening on port 54762
JavaScript error: resource:///modules/Interactions.jsm, line 209: NS_ERROR_FAILURE: Component returned failure code: 0x80004005 (NS_ERROR_FAILURE) [nsIUserIdleService.removeIdleObserver]
!!! error running onStopped callback: TypeError: callback is not a function
JavaScript error: , line 0: AbortError: The operation was aborted. 
1658225635340	RemoteAgent	ERROR	unable to stop listener: [Exception... "Component returned failure code: 0x8000ffff (NS_ERROR_UNEXPECTED) [nsIWindowMediator.getEnumerator]"  nsresult: "0x8000ffff (NS_ERROR_UNEXPECTED)"  location: "JS frame :: chrome://remote/content/cdp/observers/TargetObserver.jsm :: stop :: line 64"  data: no] Stack trace: stop()@TargetObserver.jsm:64
unwatchForTabs()@TargetList.jsm:70
unwatchForTargets()@TargetList.jsm:37
destructor()@TargetList.jsm:109
stop()@CDP.jsm:104
close()@RemoteAgent.jsm:138
1658286330888	geckodriver	INFO	Listening on 127.0.0.1:54192
1658286332919	mozrunner::runner	INFO	Running command: "C:\\Program Files\\Mozilla Firefox\\firefox.exe" "--marionette" "--remote-debugging-port" "54193" "--remote-allow-hosts" "localhost" "-no-remote" "-profile" "C:\\Users\\Zhuangxincan.AD\\AppData\\Local\\Temp\\rust_mozprofilenNHvod"
1658286334664	Marionette	INFO	Marionette enabled
console.warn: SearchSettings: "get: No settings file exists, new profile?" (new NotFoundError("Could not open the file at C:\\Users\\Zhuangxincan.AD\\AppData\\Local\\Temp\\rust_mozprofilenNHvod\\search.json.mozlz4", (void 0)))
DevTools listening on ws://localhost:54193/devtools/browser/218daca2-3960-4973-8965-5507f94b899b
1658286340157	Marionette	INFO	Listening on port 54199
1658286340590	RemoteAgent	WARN	TLS certificate errors will be ignored for this session
1658286355007	Marionette	INFO	Stopped listening on port 54199
JavaScript error: , line 0: AbortError: The operation was aborted. 
JavaScript error: resource:///modules/Interactions.jsm, line 209: NS_ERROR_FAILURE: Component returned failure code: 0x80004005 (NS_ERROR_FAILURE) [nsIUserIdleService.removeIdleObserver]
!!! error running onStopped callback: TypeError: callback is not a function
1658286355738	RemoteAgent	ERROR	unable to stop listener: [Exception... "Component returned failure code: 0x8000ffff (NS_ERROR_UNEXPECTED) [nsIWindowMediator.getEnumerator]"  nsresult: "0x8000ffff (NS_ERROR_UNEXPECTED)"  location: "JS frame :: chrome://remote/content/cdp/observers/TargetObserver.jsm :: stop :: line 64"  data: no] Stack trace: stop()@TargetObserver.jsm:64
unwatchForTabs()@TargetList.jsm:70
unwatchForTargets()@TargetList.jsm:37
destructor()@TargetList.jsm:109
stop()@CDP.jsm:104
close()@RemoteAgent.jsm:138
1658287248119	geckodriver	INFO	Listening on 127.0.0.1:58202
1658287250126	mozrunner::runner	INFO	Running command: "C:\\Program Files\\Mozilla Firefox\\firefox.exe" "--marionette" "--remote-debugging-port" "58203" "--remote-allow-hosts" "localhost" "-no-remote" "-profile" "C:\\Users\\Zhuangxincan.AD\\AppData\\Local\\Temp\\rust_mozprofile4vllEF"
1658287250868	Marionette	INFO	Marionette enabled
console.warn: SearchSettings: "get: No settings file exists, new profile?" (new NotFoundError("Could not open the file at C:\\Users\\Zhuangxincan.AD\\AppData\\Local\\Temp\\rust_mozprofile4vllEF\\search.json.mozlz4", (void 0)))
DevTools listening on ws://localhost:58203/devtools/browser/35b08537-a2e3-4056-bf5e-036ae74511ed
1658287255057	Marionette	INFO	Listening on port 58209
1658287255585	RemoteAgent	WARN	TLS certificate errors will be ignored for this session
console.error: Region.jsm: "Error fetching region" (new Error("TIMEOUT", "resource://gre/modules/Region.jsm", 772))
console.error: Region.jsm: "Failed to fetch region" (new Error("TIMEOUT", "resource://gre/modules/Region.jsm", 419))
1658295443033	Marionette	INFO	Stopped listening on port 58209
JavaScript error: resource:///modules/Interactions.jsm, line 209: NS_ERROR_FAILURE: Component returned failure code: 0x80004005 (NS_ERROR_FAILURE) [nsIUserIdleService.removeIdleObserver]
!!! error running onStopped callback: TypeError: callback is not a function
1658295443250	RemoteAgent	ERROR	unable to stop listener: [Exception... "Component returned failure code: 0x8000ffff (NS_ERROR_UNEXPECTED) [nsIWindowMediator.getEnumerator]"  nsresult: "0x8000ffff (NS_ERROR_UNEXPECTED)"  location: "JS frame :: chrome://remote/content/cdp/observers/TargetObserver.jsm :: stop :: line 64"  data: no] Stack trace: stop()@TargetObserver.jsm:64
unwatchForTabs()@TargetList.jsm:70
unwatchForTargets()@TargetList.jsm:37
destructor()@TargetList.jsm:109
stop()@CDP.jsm:104
close()@RemoteAgent.jsm:138
ion
1658287544401	Marionette	INFO	Stopped listening on port 50350
JavaScript error: resource:///modules/Interactions.jsm, line 209: NS_ERROR_FAILURE: Component returned failure code: 0x80004005 (NS_ERROR_FAILURE) [nsIUserIdleService.removeIdleObserver]
!!! error running onStopped callback: TypeError: callback is not a function
1658287545880	RemoteAgent	ERROR	unable to stop listener: [Exception... "Component returned failure code: 0x8000ffff (NS_ERROR_UNEXPECTED) [nsIWindowMediator.getEnumerator]"  nsresult: "0x8000ffff (NS_ERROR_UNEXPECTED)"  location: "JS frame :: chrome://remote/content/cdp/observers/TargetObserver.jsm :: stop :: line 64"  data: no] Stack trace: stop()@TargetObserver.jsm:64
unwatchForTabs()@TargetList.jsm:70
unwatchForTargets()@TargetList.jsm:37
destructor()@TargetList.jsm:109
stop()@CDP.jsm:104
close()@RemoteAgent.jsm:138
1658287559190	geckodriver	INFO	Listening on 127.0.0.1:50517
1658287561196	mozrunner::runner	INFO	Running command: "C:\\Program Files\\Mozilla Firefox\\firefox.exe" "--marionette" "--remote-debugging-port" "50518" "--remote-allow-hosts" "localhost" "-no-remote" "-profile" "C:\\Users\\Zhuangxincan.AD\\AppData\\Local\\Temp\\rust_mozprofileCRRLe2"
1658287561831	Marionette	INFO	Marionette enabled
console.warn: SearchSettings: "get: No settings file exists, new profile?" (new NotFoundError("Could not open the file at C:\\Users\\Zhuangxincan.AD\\AppData\\Local\\Temp\\rust_mozprofileCRRLe2\\search.json.mozlz4", (void 0)))
DevTools listening on ws://localhost:50518/devtools/browser/536e0166-291b-42b2-a8a0-0554d18f45ab
1658287564300	Marionette	INFO	Listening on port 50524
1658287564440	RemoteAgent	WARN	TLS certificate errors will be ignored for this session
1658287575744	Marionette	INFO	Stopped listening on port 50524
JavaScript error: resource:///modules/Interactions.jsm, line 209: NS_ERROR_FAILURE: Component returned failure code: 0x80004005 (NS_ERROR_FAILURE) [nsIUserIdleService.removeIdleObserver]
!!! error running onStopped callback: TypeError: callback is not a function
1658287576383	RemoteAgent	ERROR	unable to stop listener: [Exception... "Component returned failure code: 0x8000ffff (NS_ERROR_UNEXPECTED) [nsIWindowMediator.getEnumerator]"  nsresult: "0x8000ffff (NS_ERROR_UNEXPECTED)"  location: "JS frame :: chrome://remote/content/cdp/observers/TargetObserver.jsm :: stop :: line 64"  data: no] Stack trace: stop()@TargetObserver.jsm:64
unwatchForTabs()@TargetList.jsm:70
unwatchForTargets()@TargetList.jsm:37
destructor()@TargetList.jsm:109
stop()@CDP.jsm:104
close()@RemoteAgent.jsm:138
1658287912902	geckodriver	INFO	Listening on 127.0.0.1:50951
1658287914934	mozrunner::runner	INFO	Running command: "C:\\Program Files\\Mozilla Firefox\\firefox.exe" "--marionette" "--remote-debugging-port" "50952" "--remote-allow-hosts" "localhost" "-no-remote" "-profile" "C:\\Users\\Zhuangxincan.AD\\AppData\\Local\\Temp\\rust_mozprofilemLHxCf"
1658287916486	Marionette	INFO	Marionette enabled
console.warn: SearchSettings: "get: No settings file exists, new profile?" (new NotFoundError("Could not open the file at C:\\Users\\Zhuangxincan.AD\\AppData\\Local\\Temp\\rust_mozprofilemLHxCf\\search.json.mozlz4", (void 0)))
DevTools listening on ws://localhost:50952/devtools/browser/c2291b44-a398-43c3-979c-2d4ae992371c
1658287919265	Marionette	INFO	Listening on port 50961
1658287919316	RemoteAgent	WARN	TLS certificate errors will be ignored for this session
JavaScript error: , line 0: AbortError: The operation was aborted. 
1658287925570	Marionette	INFO	Stopped listening on port 50961
JavaScript error: resource:///modules/Interactions.jsm, line 209: NS_ERROR_FAILURE: Component returned failure code: 0x80004005 (NS_ERROR_FAILURE) [nsIUserIdleService.removeIdleObserver]
!!! error running onStopped callback: TypeError: callback is not a function
1658287926571	RemoteAgent	ERROR	unable to stop listener: [Exception... "Component returned failure code: 0x8000ffff (NS_ERROR_UNEXPECTED) [nsIWindowMediator.getEnumerator]"  nsresult: "0x8000ffff (NS_ERROR_UNEXPECTED)"  location: "JS frame :: chrome://remote/content/cdp/observers/TargetObserver.jsm :: stop :: line 64"  data: no] Stack trace: stop()@TargetObserver.jsm:64
unwatchForTabs()@TargetList.jsm:70
unwatchForTargets()@TargetList.jsm:37
destructor()@TargetList.jsm:109
stop()@CDP.jsm:104
close()@RemoteAgent.jsm:138
1658287937925	geckodriver	INFO	Listening on 127.0.0.1:51091
1658287939955	mozrunner::runner	INFO	Running command: "C:\\Program Files\\Mozilla Firefox\\firefox.exe" "--marionette" "--remote-debugging-port" "51092" "--remote-allow-hosts" "localhost" "-no-remote" "-profile" "C:\\Users\\Zhuangxincan.AD\\AppData\\Local\\Temp\\rust_mozprofile0iC30a"
1658287940592	Marionette	INFO	Marionette enabled
console.warn: SearchSettings: "get: No settings file exists, new profile?" (new NotFoundError("Could not open the file at C:\\Users\\Zhuangxincan.AD\\AppData\\Local\\Temp\\rust_mozprofile0iC30a\\search.json.mozlz4", (void 0)))
DevTools listening on ws://localhost:51092/devtools/browser/35b54b07-dbcc-4dcc-8978-485525199278
1658287943037	Marionette	INFO	Listening on port 51099
1658287943219	RemoteAgent	WARN	TLS certificate errors will be ignored for this session
JavaScript error: , line 0: AbortError: The operation was aborted. 
1658287950501	Marionette	INFO	Stopped listening on port 51099
JavaScript error: resource:///modules/Interactions.jsm, line 209: NS_ERROR_FAILURE: Component returned failure code: 0x80004005 (NS_ERROR_FAILURE) [nsIUserIdleService.removeIdleObserver]
!!! error running onStopped callback: TypeError: callback is not a function

###!!! [Child][MessageChannel] Error: (msgtype=0x590008,name=PHttpChannel::Msg_DeletingChannel) Channel closing: too late to send/recv, messages will be lost

1658287951117	RemoteAgent	ERROR	unable to stop listener: [Exception... "Component returned failure code: 0x8000ffff (NS_ERROR_UNEXPECTED) [nsIWindowMediator.getEnumerator]"  nsresult: "0x8000ffff (NS_ERROR_UNEXPECTED)"  location: "JS frame :: chrome://remote/content/cdp/observers/TargetObserver.jsm :: stop :: line 64"  data: no] Stack trace: stop()@TargetObserver.jsm:64
unwatchForTabs()@TargetList.jsm:70
unwatchForTargets()@TargetList.jsm:37
destructor()@TargetList.jsm:109
stop()@CDP.jsm:104
close()@RemoteAgent.jsm:138
1658288269379	geckodriver	INFO	Listening on 127.0.0.1:51538
1658288271406	mozrunner::runner	INFO	Running command: "C:\\Program Files\\Mozilla Firefox\\firefox.exe" "--marionette" "--remote-debugging-port" "51539" "--remote-allow-hosts" "localhost" "-no-remote" "-profile" "C:\\Users\\Zhuangxincan.AD\\AppData\\Local\\Temp\\rust_mozprofilehr96gq"
1658288272066	Marionette	INFO	Marionette enabled
console.warn: SearchSettings: "get: No settings file exists, new profile?" (new NotFoundError("Could not open the file at C:\\Users\\Zhuangxincan.AD\\AppData\\Local\\Temp\\rust_mozprofilehr96gq\\search.json.mozlz4", (void 0)))
DevTools listening on ws://localhost:51539/devtools/browser/2029ee88-78d9-4ec6-8caf-97c64a677e1c
1658288274113	Marionette	INFO	Listening on port 51546
1658288274174	RemoteAgent	WARN	TLS certificate errors will be ignored for this session
JavaScript error: , line 0: AbortError: The operation was aborted. 
1658288278933	Marionette	INFO	Stopped listening on port 51546
JavaScript error: resource:///modules/Interactions.jsm, line 209: NS_ERROR_FAILURE: Component returned failure code: 0x80004005 (NS_ERROR_FAILURE) [nsIUserIdleService.removeIdleObserver]
!!! error running onStopped callback: TypeError: callback is not a function
1658288279497	RemoteAgent	ERROR	unable to stop listener: [Exception... "Component returned failure code: 0x8000ffff (NS_ERROR_UNEXPECTED) [nsIWindowMediator.getEnumerator]"  nsresult: "0x8000ffff (NS_ERROR_UNEXPECTED)"  location: "JS frame :: chrome://remote/content/cdp/observers/TargetObserver.jsm :: stop :: line 64"  data: no] Stack trace: stop()@TargetObserver.jsm:64
unwatchForTabs()@TargetList.jsm:70
unwatchForTargets()@TargetList.jsm:37
destructor()@TargetList.jsm:109
stop()@CDP.jsm:104
close()@RemoteAgent.jsm:138
1658288611891	geckodriver	INFO	Listening on 127.0.0.1:51990
1658288613918	mozrunner::runner	INFO	Running command: "C:\\Program Files\\Mozilla Firefox\\firefox.exe" "--marionette" "--headless" "--remote-debugging-port" "51991" "--remote-allow-hosts" "localhost" "-no-remote" "-profile" "C:\\Users\\Zhuangxincan.AD\\AppData\\Local\\Temp\\rust_mozprofileSaZiWC"
*** You are running in headless mode.
1658288614570	Marionette	INFO	Marionette enabled
[GFX1-]: RenderCompositorSWGL failed mapping default framebuffer, no dt
console.warn: SearchSettings: "get: No settings file exists, new profile?" (new NotFoundError("Could not open the file at C:\\Users\\Zhuangxincan.AD\\AppData\\Local\\Temp\\rust_mozprofileSaZiWC\\search.json.mozlz4", (void 0)))
DevTools listening on ws://localhost:51991/devtools/browser/95b94964-01fd-4448-8ba6-83e9c07492ca
1658288615999	Marionette	INFO	Listening on port 51999
1658288616081	RemoteAgent	WARN	TLS certificate errors will be ignored for this session
1658288620024	Marionette	INFO	Stopped listening on port 51999
JavaScript error: resource:///modules/Interactions.jsm, line 209: NS_ERROR_FAILURE: Component returned failure code: 0x80004005 (NS_ERROR_FAILURE) [nsIUserIdleService.removeIdleObserver]
!!! error running onStopped callback: TypeError: callback is not a function
JavaScript error: , line 0: AbortError: The operation was aborted. 

###!!! [Parent][RunMessage] Error: Channel closing: too late to send/recv, messages will be lost

1658288620603	RemoteAgent	ERROR	unable to stop listener: [Exception... "Component returned failure code: 0x8000ffff (NS_ERROR_UNEXPECTED) [nsIWindowMediator.getEnumerator]"  nsresult: "0x8000ffff (NS_ERROR_UNEXPECTED)"  location: "JS frame :: chrome://remote/content/cdp/observers/TargetObserver.jsm :: stop :: line 64"  data: no] Stack trace: stop()@TargetObserver.jsm:64
unwatchForTabs()@TargetList.jsm:70
unwatchForTargets()@TargetList.jsm:37
destructor()@TargetList.jsm:109
stop()@CDP.jsm:104
close()@RemoteAgent.jsm:138
1658289104641	geckodriver	INFO	Listening on 127.0.0.1:62318
1658289106650	mozrunner::runner	INFO	Running command: "C:\\Program Files\\Mozilla Firefox\\firefox.exe" "--marionette" "--remote-debugging-port" "62319" "--remote-allow-hosts" "localhost" "-no-remote" "-profile" "C:\\Users\\Zhuangxincan.AD\\AppData\\Local\\Temp\\rust_mozprofileJ4cU2U"
1658289107415	Marionette	INFO	Marionette enabled
console.warn: SearchSettings: "get: No settings file exists, new profile?" (new NotFoundError("Could not open the file at C:\\Users\\Zhuangxincan.AD\\AppData\\Local\\Temp\\rust_mozprofileJ4cU2U\\search.json.mozlz4", (void 0)))
DevTools listening on ws://localhost:62319/devtools/browser/b8d44a6f-f1ce-4ad5-a301-359b8021ffec
1658289110349	Marionette	INFO	Listening on port 62325
1658289110491	RemoteAgent	WARN	TLS certificate errors will be ignored for this session
1658289134516	Marionette	INFO	Stopped listening on port 62325
JavaScript error: resource:///modules/Interactions.jsm, line 209: NS_ERROR_FAILURE: Component returned failure code: 0x80004005 (NS_ERROR_FAILURE) [nsIUserIdleService.removeIdleObserver]
!!! error running onStopped callback: TypeError: callback is not a function
1658289135309	RemoteAgent	ERROR	unable to stop listener: [Exception... "Component returned failure code: 0x8000ffff (NS_ERROR_UNEXPECTED) [nsIWindowMediator.getEnumerator]"  nsresult: "0x8000ffff (NS_ERROR_UNEXPECTED)"  location: "JS frame :: chrome://remote/content/cdp/observers/TargetObserver.jsm :: stop :: line 64"  data: no] Stack trace: stop()@TargetObserver.jsm:64
unwatchForTabs()@TargetList.jsm:70
unwatchForTargets()@TargetList.jsm:37
destructor()@TargetList.jsm:109
stop()@CDP.jsm:104
close()@RemoteAgent.jsm:138
1658289163869	geckodriver	INFO	Listening on 127.0.0.1:55565
1658289165893	mozrunner::runner	INFO	Running command: "C:\\Program Files\\Mozilla Firefox\\firefox.exe" "--marionette" "--remote-debugging-port" "55566" "--remote-allow-hosts" "localhost" "-no-remote" "-profile" "C:\\Users\\Zhuangxincan.AD\\AppData\\Local\\Temp\\rust_mozprofilet1Z1Ey"
1658289166600	Marionette	INFO	Marionette enabled
console.warn: SearchSettings: "get: No settings file exists, new profile?" (new NotFoundError("Could not open the file at C:\\Users\\Zhuangxincan.AD\\AppData\\Local\\Temp\\rust_mozprofilet1Z1Ey\\search.json.mozlz4", (void 0)))
DevTools listening on ws://localhost:55566/devtools/browser/c4e012df-2b8d-4df4-b966-a8c10be067a3
1658289168603	Marionette	INFO	Listening on port 55572
1658289168676	RemoteAgent	WARN	TLS certificate errors will be ignored for this session
1658289184050	Marionette	INFO	Stopped listening on port 55572
JavaScript error: resource:///modules/Interactions.jsm, line 209: NS_ERROR_FAILURE: Component returned failure code: 0x80004005 (NS_ERROR_FAILURE) [nsIUserIdleService.removeIdleObserver]
!!! error running onStopped callback: TypeError: callback is not a function
1658289184572	RemoteAgent	ERROR	unable to stop listener: [Exception... "Component returned failure code: 0x8000ffff (NS_ERROR_UNEXPECTED) [nsIWindowMediator.getEnumerator]"  nsresult: "0x8000ffff (NS_ERROR_UNEXPECTED)"  location: "JS frame :: chrome://remote/content/cdp/observers/TargetObserver.jsm :: stop :: line 64"  data: no] Stack trace: stop()@TargetObserver.jsm:64
unwatchForTabs()@TargetList.jsm:70
unwatchForTargets()@TargetList.jsm:37
destructor()@TargetList.jsm:109
stop()@CDP.jsm:104
close()@RemoteAgent.jsm:138
1658289205258	geckodriver	INFO	Listening on 127.0.0.1:55653
1658289207268	mozrunner::runner	INFO	Running command: "C:\\Program Files\\Mozilla Firefox\\firefox.exe" "--marionette" "--remote-debugging-port" "55654" "--remote-allow-hosts" "localhost" "-no-remote" "-profile" "C:\\Users\\Zhuangxincan.AD\\AppData\\Local\\Temp\\rust_mozprofileEuBBV3"
1658289207899	Marionette	INFO	Marionette enabled
console.warn: SearchSettings: "get: No settings file exists, new profile?" (new NotFoundError("Could not open the file at C:\\Users\\Zhuangxincan.AD\\AppData\\Local\\Temp\\rust_mozprofileEuBBV3\\search.json.mozlz4", (void 0)))
DevTools listening on ws://localhost:55654/devtools/browser/52b7004d-fd76-433e-8bce-91eb752ced8f
1658289210869	Marionette	INFO	Listening on port 55820
1658289211114	RemoteAgent	WARN	TLS certificate errors will be ignored for this session
JavaScript error: , line 0: AbortError: The operation was aborted. 
1658289222224	Marionette	INFO	Stopped listening on port 55820
JavaScript error: resource:///modules/Interactions.jsm, line 209: NS_ERROR_FAILURE: Component returned failure code: 0x80004005 (NS_ERROR_FAILURE) [nsIUserIdleService.removeIdleObserver]
!!! error running onStopped callback: TypeError: callback is not a function
1658289223051	RemoteAgent	ERROR	unable to stop listener: [Exception... "Component returned failure code: 0x8000ffff (NS_ERROR_UNEXPECTED) [nsIWindowMediator.getEnumerator]"  nsresult: "0x8000ffff (NS_ERROR_UNEXPECTED)"  location: "JS frame :: chrome://remote/content/cdp/observers/TargetObserver.jsm :: stop :: line 64"  data: no] Stack trace: stop()@TargetObserver.jsm:64
unwatchForTabs()@TargetList.jsm:70
unwatchForTargets()@TargetList.jsm:37
destructor()@TargetList.jsm:109
stop()@CDP.jsm:104
close()@RemoteAgent.jsm:138
1658376027988	geckodriver	INFO	Listening on 127.0.0.1:65305
1658376030005	mozrunner::runner	INFO	Running command: "C:\\Program Files\\Mozilla Firefox\\firefox.exe" "--marionette" "--remote-debugging-port" "65306" "--remote-allow-hosts" "localhost" "-no-remote" "-profile" "C:\\Users\\Zhuangxincan.AD\\AppData\\Local\\Temp\\rust_mozprofilehebghx"
1658376031233	Marionette	INFO	Marionette enabled
console.warn: SearchSettings: "get: No settings file exists, new profile?" (new NotFoundError("Could not open the file at C:\\Users\\Zhuangxincan.AD\\AppData\\Local\\Temp\\rust_mozprofilehebghx\\search.json.mozlz4", (void 0)))
DevTools listening on ws://localhost:65306/devtools/browser/a8387519-d278-436c-aa47-d929657dd5d1
1658376033824	Marionette	INFO	Listening on port 65313
1658376033873	RemoteAgent	WARN	TLS certificate errors will be ignored for this session
1658376041249	Marionette	INFO	Stopped listening on port 65313
JavaScript error: resource:///modules/Interactions.jsm, line 209: NS_ERROR_FAILURE: Component returned failure code: 0x80004005 (NS_ERROR_FAILURE) [nsIUserIdleService.removeIdleObserver]
!!! error running onStopped callback: TypeError: callback is not a function

###!!! [Parent][MessageChannel] Error: (msgtype=0x390076,name=PContent::Msg_DestroyBrowsingContextGroup) Closed channel: cannot send/recv

1658376041849	RemoteAgent	ERROR	unable to stop listener: [Exception... "Component returned failure code: 0x8000ffff (NS_ERROR_UNEXPECTED) [nsIWindowMediator.getEnumerator]"  nsresult: "0x8000ffff (NS_ERROR_UNEXPECTED)"  location: "JS frame :: chrome://remote/content/cdp/observers/TargetObserver.jsm :: stop :: line 64"  data: no] Stack trace: stop()@TargetObserver.jsm:64
unwatchForTabs()@TargetList.jsm:70
unwatchForTargets()@TargetList.jsm:37
destructor()@TargetList.jsm:109
stop()@CDP.jsm:104
close()@RemoteAgent.jsm:138
1658382359655	geckodriver	INFO	Listening on 127.0.0.1:61574
1658382361672	mozrunner::runner	INFO	Running command: "C:\\Program Files\\Mozilla Firefox\\firefox.exe" "--marionette" "--remote-debugging-port" "61575" "--remote-allow-hosts" "localhost" "-no-remote" "-profile" "C:\\Users\\Zhuangxincan.AD\\AppData\\Local\\Temp\\rust_mozprofileYPlbiq"
1658382362334	Marionette	INFO	Marionette enabled
console.warn: SearchSettings: "get: No settings file exists, new profile?" (new NotFoundError("Could not open the file at C:\\Users\\Zhuangxincan.AD\\AppData\\Local\\Temp\\rust_mozprofileYPlbiq\\search.json.mozlz4", (void 0)))
DevTools listening on ws://localhost:61575/devtools/browser/79377fb0-5b9f-455f-80b0-8999e541df41
1658382364860	Marionette	INFO	Listening on port 61583
1658382364928	RemoteAgent	WARN	TLS certificate errors will be ignored for this session
1658382370063	Marionette	INFO	Stopped listening on port 61583
JavaScript error: resource:///modules/Interactions.jsm, line 209: NS_ERROR_FAILURE: Component returned failure code: 0x80004005 (NS_ERROR_FAILURE) [nsIUserIdleService.removeIdleObserver]
!!! error running onStopped callback: TypeError: callback is not a function
1658382370839	RemoteAgent	ERROR	unable to stop listener: [Exception... "Component returned failure code: 0x8000ffff (NS_ERROR_UNEXPECTED) [nsIWindowMediator.getEnumerator]"  nsresult: "0x8000ffff (NS_ERROR_UNEXPECTED)"  location: "JS frame :: chrome://remote/content/cdp/observers/TargetObserver.jsm :: stop :: line 64"  data: no] Stack trace: stop()@TargetObserver.jsm:64
unwatchForTabs()@TargetList.jsm:70
unwatchForTargets()@TargetList.jsm:37
destructor()@TargetList.jsm:109
stop()@CDP.jsm:104
close()@RemoteAgent.jsm:138
1658456187792	geckodriver	INFO	Listening on 127.0.0.1:56557
1658456189399	mozrunner::runner	INFO	Running command: "C:\\Program Files\\Mozilla Firefox\\firefox.exe" "--marionette" "--headless" "--remote-debugging-port" "56558" "--remote-allow-hosts" "localhost" "-no-remote" "-profile" "C:\\Users\\Zhuangxincan.AD\\AppData\\Local\\Temp\\rust_mozprofilemW1Zcb"
*** You are running in headless mode.
1658456191314	Marionette	INFO	Marionette enabled
[GFX1-]: RenderCompositorSWGL failed mapping default framebuffer, no dt
console.warn: SearchSettings: "get: No settings file exists, new profile?" (new NotFoundError("Could not open the file at C:\\Users\\Zhuangxincan.AD\\AppData\\Local\\Temp\\rust_mozprofilemW1Zcb\\search.json.mozlz4", (void 0)))
DevTools listening on ws://localhost:56558/devtools/browser/48aed21e-70d4-42b1-8b75-4127a36a8987
1658456193225	Marionette	INFO	Listening on port 56567
1658456193749	RemoteAgent	WARN	TLS certificate errors will be ignored for this session
JavaScript error: , line 0: NS_ERROR_NOT_AVAILABLE
JavaScript error: , line 0: NS_ERROR_NOT_AVAILABLE
JavaScript error: , line 0: NS_ERROR_NOT_AVAILABLE
Exiting due to channel error.
Exiting due to channel error.
"56737" "--remote-allow-hosts" "localhost" "-no-remote" "-profile" "C:\\Users\\Zhuangxincan.AD\\AppData\\Local\\Temp\\rust_mozprofileican7v"
*** You are running in headless mode.
1658456259513	Marionette	INFO	Marionette enabled
[GFX1-]: RenderCompositorSWGL failed mapping default framebuffer, no dt
console.warn: SearchSettings: "get: No settings file exists, new profile?" (new NotFoundError("Could not open the file at C:\\Users\\Zhuangxincan.AD\\AppData\\Local\\Temp\\rust_mozprofileican7v\\search.json.mozlz4", (void 0)))
DevTools listening on ws://localhost:56737/devtools/browser/c54e28f5-6093-4d35-8e27-a991c4a41993
1658456261107	Marionette	INFO	Listening on port 56744
1658456261168	RemoteAgent	WARN	TLS certificate errors will be ignored for this session
JavaScript error: , line 0: NS_ERROR_NOT_AVAILABLE
JavaScript error: , line 0: NS_ERROR_NOT_AVAILABLE
JavaScript error: , line 0: NS_ERROR_NOT_AVAILABLE
Exiting due to channel error.
Exiting due to channel error.
"56973" "--remote-allow-hosts" "localhost" "-no-remote" "-profile" "C:\\Users\\Zhuangxincan.AD\\AppData\\Local\\Temp\\rust_mozprofilemJIJuG"
*** You are running in headless mode.
1658456362435	Marionette	INFO	Marionette enabled
[GFX1-]: RenderCompositorSWGL failed mapping default framebuffer, no dt
console.warn: SearchSettings: "get: No settings file exists, new profile?" (new NotFoundError("Could not open the file at C:\\Users\\Zhuangxincan.AD\\AppData\\Local\\Temp\\rust_mozprofilemJIJuG\\search.json.mozlz4", (void 0)))
DevTools listening on ws://localhost:56973/devtools/browser/01d3dda7-32e5-433b-ba1f-705168da1bb0
1658456364573	Marionette	INFO	Listening on port 56979
1658456365132	RemoteAgent	WARN	TLS certificate errors will be ignored for this session
JavaScript error: , line 0: NS_ERROR_NOT_AVAILABLE
JavaScript error: , line 0: NS_ERROR_NOT_AVAILABLE
JavaScript error: , line 0: NS_ERROR_NOT_AVAILABLE
Exiting due to channel error.
Exiting due to channel error.
"51606" "--remote-allow-hosts" "localhost" "-no-remote" "-profile" "C:\\Users\\Zhuangxincan.AD\\AppData\\Local\\Temp\\rust_mozprofilecGhgjy"
*** You are running in headless mode.
1658457219985	Marionette	INFO	Marionette enabled
[GFX1-]: RenderCompositorSWGL failed mapping default framebuffer, no dt
console.warn: SearchSettings: "get: No settings file exists, new profile?" (new NotFoundError("Could not open the file at C:\\Users\\Zhuangxincan.AD\\AppData\\Local\\Temp\\rust_mozprofilecGhgjy\\search.json.mozlz4", (void 0)))
DevTools listening on ws://localhost:51606/devtools/browser/af8ef9ed-f7e5-4d97-9912-c91ad42198b0
1658457221887	Marionette	INFO	Listening on port 51615
1658457222045	RemoteAgent	WARN	TLS certificate errors will be ignored for this session
1658457771384	Marionette	INFO	Stopped listening on port 51615
JavaScript error: resource:///modules/Interactions.jsm, line 209: NS_ERROR_FAILURE: Component returned failure code: 0x80004005 (NS_ERROR_FAILURE) [nsIUserIdleService.removeIdleObserver]
!!! error running onStopped callback: TypeError: callback is not a function

###!!! [Parent][MessageChannel] Error: (msgtype=0x390076,name=PContent::Msg_DestroyBrowsingContextGroup) Closed channel: cannot send/recv

1658457771632	RemoteAgent	ERROR	unable to stop listener: [Exception... "Component returned failure code: 0x8000ffff (NS_ERROR_UNEXPECTED) [nsIWindowMediator.getEnumerator]"  nsresult: "0x8000ffff (NS_ERROR_UNEXPECTED)"  location: "JS frame :: chrome://remote/content/cdp/observers/TargetObserver.jsm :: stop :: line 64"  data: no] Stack trace: stop()@TargetObserver.jsm:64
unwatchForTabs()@TargetList.jsm:70
unwatchForTargets()@TargetList.jsm:37
destructor()@TargetList.jsm:109
stop()@CDP.jsm:104
close()@RemoteAgent.jsm:138
